<?xml version="1.0" encoding="UTF-8"?>
<!-- Generated by org.testng.reporters.JUnitReportReporter -->
<testsuite hostname="Magic" failures="0" tests="1" name="class_sel.Scroll_flip" time="9.468" errors="0" timestamp="2023-05-20T23:14:42 IST" skipped="0">
  <testcase classname="class_sel.Scroll_flip" name="cookie" time="9.468"/>
  <system-out/>
</testsuite> <!-- class_sel.Scroll_flip -->
