<?xml version="1.0" encoding="UTF-8"?>
<!-- Generated by org.testng.reporters.JUnitReportReporter -->
<testsuite hostname="Magic" failures="0" tests="1" name="class_sel.DragAndDrop" time="27.880" errors="0" timestamp="2023-05-26T11:07:55 IST" skipped="0">
  <testcase classname="class_sel.DragAndDrop" name="cookie" time="27.880"/>
  <system-out/>
</testsuite> <!-- class_sel.DragAndDrop -->
